[debug] [2026-01-10T17:40:22.493Z] ----------------------------------------------------------------------
[debug] [2026-01-10T17:40:22.503Z] Command:       /usr/local/bin/firebase /Users/kyorohiro/.cache/firebase/tools/lib/node_modules/firebase-tools/lib/bin/firebase deploy --only functions:pushmessage:pushMessage --project hello-push-messages
[debug] [2026-01-10T17:40:22.504Z] CLI Version:   14.19.1
[debug] [2026-01-10T17:40:22.504Z] Platform:      darwin
[debug] [2026-01-10T17:40:22.504Z] Node Version:  v20.18.2
[debug] [2026-01-10T17:40:22.505Z] Time:          Sun Jan 11 2026 02:40:22 GMT+0900 (GMT+09:00)
[debug] [2026-01-10T17:40:22.505Z] ----------------------------------------------------------------------
[debug] 
[debug] [2026-01-10T17:40:22.693Z] > command requires scopes: ["email","openid","https://www.googleapis.com/auth/cloudplatformprojects.readonly","https://www.googleapis.com/auth/firebase","https://www.googleapis.com/auth/cloud-platform"]
[debug] [2026-01-10T17:40:22.695Z] > authorizing via signed-in user (kyorohiro@gmail.com)
[debug] [2026-01-10T17:40:22.696Z] [iam] checking project hello-push-messages for permissions ["cloudfunctions.functions.create","cloudfunctions.functions.delete","cloudfunctions.functions.get","cloudfunctions.functions.list","cloudfunctions.functions.update","cloudfunctions.operations.get","firebase.projects.get"]
[debug] [2026-01-10T17:40:22.698Z] Checked if tokens are valid: true, expires at: 1768069854338
[debug] [2026-01-10T17:40:22.699Z] Checked if tokens are valid: true, expires at: 1768069854338
[debug] [2026-01-10T17:40:22.699Z] >>> [apiv2][query] POST https://cloudresourcemanager.googleapis.com/v1/projects/hello-push-messages:testIamPermissions [none]
[debug] [2026-01-10T17:40:22.700Z] >>> [apiv2][(partial)header] POST https://cloudresourcemanager.googleapis.com/v1/projects/hello-push-messages:testIamPermissions x-goog-quota-user=projects/hello-push-messages
[debug] [2026-01-10T17:40:22.700Z] >>> [apiv2][body] POST https://cloudresourcemanager.googleapis.com/v1/projects/hello-push-messages:testIamPermissions {"permissions":["cloudfunctions.functions.create","cloudfunctions.functions.delete","cloudfunctions.functions.get","cloudfunctions.functions.list","cloudfunctions.functions.update","cloudfunctions.operations.get","firebase.projects.get"]}
[debug] [2026-01-10T17:40:23.009Z] <<< [apiv2][status] POST https://cloudresourcemanager.googleapis.com/v1/projects/hello-push-messages:testIamPermissions 200
[debug] [2026-01-10T17:40:23.010Z] <<< [apiv2][body] POST https://cloudresourcemanager.googleapis.com/v1/projects/hello-push-messages:testIamPermissions {"permissions":["cloudfunctions.functions.create","cloudfunctions.functions.delete","cloudfunctions.functions.get","cloudfunctions.functions.list","cloudfunctions.functions.update","cloudfunctions.operations.get","firebase.projects.get"]}
[debug] [2026-01-10T17:40:23.010Z] Checked if tokens are valid: true, expires at: 1768069854338
[debug] [2026-01-10T17:40:23.011Z] Checked if tokens are valid: true, expires at: 1768069854338
[debug] [2026-01-10T17:40:23.011Z] >>> [apiv2][query] POST https://iam.googleapis.com/v1/projects/hello-push-messages/serviceAccounts/hello-push-messages@appspot.gserviceaccount.com:testIamPermissions [none]
[debug] [2026-01-10T17:40:23.011Z] >>> [apiv2][body] POST https://iam.googleapis.com/v1/projects/hello-push-messages/serviceAccounts/hello-push-messages@appspot.gserviceaccount.com:testIamPermissions {"permissions":["iam.serviceAccounts.actAs"]}
[debug] [2026-01-10T17:40:23.902Z] <<< [apiv2][status] POST https://iam.googleapis.com/v1/projects/hello-push-messages/serviceAccounts/hello-push-messages@appspot.gserviceaccount.com:testIamPermissions 200
[debug] [2026-01-10T17:40:23.903Z] <<< [apiv2][body] POST https://iam.googleapis.com/v1/projects/hello-push-messages/serviceAccounts/hello-push-messages@appspot.gserviceaccount.com:testIamPermissions {"permissions":["iam.serviceAccounts.actAs"]}
[info] 
[info] === Deploying to 'hello-push-messages'...
[info] 
[info] i  deploying functions 
[info] ✔  functions: Finished running predeploy script. 
[debug] [2026-01-10T17:40:23.909Z] Checked if tokens are valid: true, expires at: 1768069854338
[debug] [2026-01-10T17:40:23.909Z] Checked if tokens are valid: true, expires at: 1768069854338
[debug] [2026-01-10T17:40:23.909Z] >>> [apiv2][query] GET https://cloudresourcemanager.googleapis.com/v1/projects/hello-push-messages [none]
[debug] [2026-01-10T17:40:24.107Z] <<< [apiv2][status] GET https://cloudresourcemanager.googleapis.com/v1/projects/hello-push-messages 200
[debug] [2026-01-10T17:40:24.107Z] <<< [apiv2][body] GET https://cloudresourcemanager.googleapis.com/v1/projects/hello-push-messages {"projectNumber":"77396444992","projectId":"hello-push-messages","lifecycleState":"ACTIVE","name":"hello-push-messages","labels":{"firebase":"enabled","firebase-core":"disabled"},"createTime":"2026-01-07T09:24:04.126590Z"}
[info] i  functions: preparing codebase pushmessage for deployment 
[info] i  functions: ensuring required API cloudfunctions.googleapis.com is enabled... 
[info] i  functions: ensuring required API cloudbuild.googleapis.com is enabled... 
[info] i  artifactregistry: ensuring required API artifactregistry.googleapis.com is enabled... 
[debug] [2026-01-10T17:40:24.111Z] Checked if tokens are valid: true, expires at: 1768069854338
[debug] [2026-01-10T17:40:24.111Z] Checked if tokens are valid: true, expires at: 1768069854338
[debug] [2026-01-10T17:40:24.111Z] >>> [apiv2][query] GET https://firebase.googleapis.com/v1beta1/projects/hello-push-messages/adminSdkConfig [none]
[debug] [2026-01-10T17:40:24.456Z] <<< [apiv2][status] GET https://firebase.googleapis.com/v1beta1/projects/hello-push-messages/adminSdkConfig 200
[debug] [2026-01-10T17:40:24.457Z] <<< [apiv2][body] GET https://firebase.googleapis.com/v1beta1/projects/hello-push-messages/adminSdkConfig {"projectId":"hello-push-messages","storageBucket":"hello-push-messages.firebasestorage.app"}
[debug] [2026-01-10T17:40:24.457Z] Checked if tokens are valid: true, expires at: 1768069854338
[debug] [2026-01-10T17:40:24.457Z] Checked if tokens are valid: true, expires at: 1768069854338
[debug] [2026-01-10T17:40:24.457Z] >>> [apiv2][query] GET https://runtimeconfig.googleapis.com/v1beta1/projects/hello-push-messages/configs [none]
[debug] [2026-01-10T17:40:25.411Z] <<< [apiv2][status] GET https://runtimeconfig.googleapis.com/v1beta1/projects/hello-push-messages/configs 200
[debug] [2026-01-10T17:40:25.411Z] <<< [apiv2][body] GET https://runtimeconfig.googleapis.com/v1beta1/projects/hello-push-messages/configs {}
[debug] [2026-01-10T17:40:25.415Z] Validating nodejs source
[debug] [2026-01-10T17:40:25.432Z] checkFunctionsSDKVersion was unable to fetch information from NPM Error: spawnSync npm Unknown system error -8
    at Object.spawnSync (node:internal/child_process:1123:20)
    at Object.spawnSync (node:child_process:877:24)
    at Object.spawnSync (pkg/prelude/bootstrap.js:2092:31)
    at Function.spawnSync [as sync] (/Users/kyorohiro/.cache/firebase/tools/lib/node_modules/cross-spawn/index.js:26:23)
    at Object.getLatestSDKVersion (/Users/kyorohiro/.cache/firebase/tools/lib/node_modules/firebase-tools/lib/deploy/functions/runtimes/node/versioning.js:54:25)
    at Object.checkFunctionsSDKVersion (/Users/kyorohiro/.cache/firebase/tools/lib/node_modules/firebase-tools/lib/deploy/functions/runtimes/node/versioning.js:74:32)
    at Delegate.validate (/Users/kyorohiro/.cache/firebase/tools/lib/node_modules/firebase-tools/lib/deploy/functions/runtimes/node/index.js:89:20)
    at loadCodebases (/Users/kyorohiro/.cache/firebase/tools/lib/node_modules/firebase-tools/lib/deploy/functions/prepare.js:312:31)
    at async prepare (/Users/kyorohiro/.cache/firebase/tools/lib/node_modules/firebase-tools/lib/deploy/functions/prepare.js:63:24)
    at async chain (/Users/kyorohiro/.cache/firebase/tools/lib/node_modules/firebase-tools/lib/deploy/index.js:42:9)
[debug] [2026-01-10T17:40:25.433Z] > [functions] package.json contents: {
  "name": "functions",
  "type": "module",
  "scripts": {
    "build": "tsc"
  },
  "engines": {
    "node": "22"
  },
  "main": "lib/functions/src/index.js",
  "dependencies": {
    "firebase-admin": "^12.6.0",
    "firebase-functions": "^6.0.1",
    "jsonwebtoken": "^9.0.3",
    "jwk-to-pem": "^2.0.7"
  },
  "devDependencies": {
    "@types/jsonwebtoken": "^9.0.10",
    "@types/jwk-to-pem": "^2.0.3",
    "firebase-functions-test": "^3.1.0",
    "typescript": "^5.7.3"
  },
  "private": true
}
[debug] [2026-01-10T17:40:25.433Z] Building nodejs source
[info] i  functions: Loading and analyzing source code for codebase pushmessage to determine what to deploy 
[debug] [2026-01-10T17:40:25.436Z] Could not find functions.yaml. Must use http discovery
[debug] [2026-01-10T17:40:25.452Z] Found firebase-functions binary at '/Users/kyorohiro/development3/hello-push-messages/functions/functions/node_modules/.bin/firebase-functions'
[info] Serving at port 8219

[error] (node:32951) ExperimentalWarning: Importing JSON modules is an experimental feature and might change at any time
(Use `firebase --trace-warnings ...` to show where the warning was created)

[debug] [2026-01-10T17:40:26.753Z] Got response from /__/functions.yaml {"endpoints":{"pushMessage":{"availableMemoryMb":null,"timeoutSeconds":null,"minInstances":null,"maxInstances":null,"ingressSettings":null,"concurrency":null,"serviceAccountEmail":null,"vpc":null,"platform":"gcfv2","region":["asia-northeast1"],"labels":{},"httpsTrigger":{},"entryPoint":"pushMessage"},"pushWorker":{"availableMemoryMb":1024,"timeoutSeconds":540,"minInstances":null,"maxInstances":null,"ingressSettings":null,"concurrency":null,"serviceAccountEmail":null,"vpc":null,"platform":"gcfv2","region":["asia-northeast1"],"labels":{},"scheduleTrigger":{"schedule":"every 30 minutes","retryConfig":{},"timeZone":"Asia/Tokyo"},"entryPoint":"pushWorker"}},"specVersion":"v1alpha1","requiredAPIs":[{"api":"cloudscheduler.googleapis.com","reason":"Needed for scheduled functions."}],"extensions":{}}
[info] i  extensions: ensuring required API firebaseextensions.googleapis.com is enabled... 
[debug] [2026-01-10T17:40:30.827Z] > command requires scopes: ["email","openid","https://www.googleapis.com/auth/cloudplatformprojects.readonly","https://www.googleapis.com/auth/firebase","https://www.googleapis.com/auth/cloud-platform"]
[debug] [2026-01-10T17:40:30.828Z] > authorizing via signed-in user (kyorohiro@gmail.com)
[debug] [2026-01-10T17:40:30.828Z] [iam] checking project hello-push-messages for permissions ["firebase.projects.get","firebaseextensions.instances.list"]
[debug] [2026-01-10T17:40:30.828Z] Checked if tokens are valid: true, expires at: 1768069854338
[debug] [2026-01-10T17:40:30.828Z] Checked if tokens are valid: true, expires at: 1768069854338
[debug] [2026-01-10T17:40:30.829Z] >>> [apiv2][query] POST https://cloudresourcemanager.googleapis.com/v1/projects/hello-push-messages:testIamPermissions [none]
[debug] [2026-01-10T17:40:30.829Z] >>> [apiv2][(partial)header] POST https://cloudresourcemanager.googleapis.com/v1/projects/hello-push-messages:testIamPermissions x-goog-quota-user=projects/hello-push-messages
[debug] [2026-01-10T17:40:30.829Z] >>> [apiv2][body] POST https://cloudresourcemanager.googleapis.com/v1/projects/hello-push-messages:testIamPermissions {"permissions":["firebase.projects.get","firebaseextensions.instances.list"]}
[debug] [2026-01-10T17:40:31.035Z] <<< [apiv2][status] POST https://cloudresourcemanager.googleapis.com/v1/projects/hello-push-messages:testIamPermissions 200
[debug] [2026-01-10T17:40:31.036Z] <<< [apiv2][body] POST https://cloudresourcemanager.googleapis.com/v1/projects/hello-push-messages:testIamPermissions {"permissions":["firebase.projects.get","firebaseextensions.instances.list"]}
[debug] [2026-01-10T17:40:31.038Z] Checked if tokens are valid: true, expires at: 1768069854338
[debug] [2026-01-10T17:40:31.038Z] Checked if tokens are valid: true, expires at: 1768069854338
[debug] [2026-01-10T17:40:31.041Z] >>> [apiv2][query] GET https://firebaseextensions.googleapis.com/v1beta/projects/hello-push-messages/instances pageSize=100&pageToken=
[debug] [2026-01-10T17:40:31.914Z] <<< [apiv2][status] GET https://firebaseextensions.googleapis.com/v1beta/projects/hello-push-messages/instances 200
[debug] [2026-01-10T17:40:31.914Z] <<< [apiv2][body] GET https://firebaseextensions.googleapis.com/v1beta/projects/hello-push-messages/instances {}
[info] i  functions: preparing functions directory for uploading... 
[info] i  functions: packaged /Users/kyorohiro/development3/hello-push-messages/functions/functions (109.69 KB) for uploading 
[debug] [2026-01-10T17:40:32.067Z] Checked if tokens are valid: true, expires at: 1768069854338
[debug] [2026-01-10T17:40:32.067Z] Checked if tokens are valid: true, expires at: 1768069854338
[debug] [2026-01-10T17:40:32.067Z] >>> [apiv2][query] GET https://cloudfunctions.googleapis.com/v1/projects/hello-push-messages/locations/-/functions [none]
[debug] [2026-01-10T17:40:32.909Z] <<< [apiv2][status] GET https://cloudfunctions.googleapis.com/v1/projects/hello-push-messages/locations/-/functions 200
[debug] [2026-01-10T17:40:32.909Z] <<< [apiv2][body] GET https://cloudfunctions.googleapis.com/v1/projects/hello-push-messages/locations/-/functions {}
[debug] [2026-01-10T17:40:32.910Z] Checked if tokens are valid: true, expires at: 1768069854338
[debug] [2026-01-10T17:40:32.910Z] Checked if tokens are valid: true, expires at: 1768069854338
[debug] [2026-01-10T17:40:32.914Z] >>> [apiv2][query] GET https://cloudfunctions.googleapis.com/v2/projects/hello-push-messages/locations/-/functions filter=environment%3D%22GEN_2%22
[debug] [2026-01-10T17:40:34.225Z] <<< [apiv2][status] GET https://cloudfunctions.googleapis.com/v2/projects/hello-push-messages/locations/-/functions 200
[debug] [2026-01-10T17:40:34.225Z] <<< [apiv2][body] GET https://cloudfunctions.googleapis.com/v2/projects/hello-push-messages/locations/-/functions {"functions":[{"name":"projects/hello-push-messages/locations/asia-northeast1/functions/pushWorker","buildConfig":{"build":"projects/77396444992/locations/asia-northeast1/builds/607d24dc-3331-43d4-b177-9f2f6e1249bf","runtime":"nodejs22","entryPoint":"pushWorker","source":{"storageSource":{"bucket":"gcf-v2-sources-77396444992-asia-northeast1","object":"pushWorker/function-source.zip","generation":"1768066630037757"}},"environmentVariables":{"GOOGLE_NODE_RUN_SCRIPTS":""},"dockerRepository":"projects/hello-push-messages/locations/asia-northeast1/repositories/gcf-artifacts","sourceProvenance":{"resolvedStorageSource":{"bucket":"gcf-v2-sources-77396444992-asia-northeast1","object":"pushWorker/function-source.zip","generation":"1768066630037757"}},"dockerRegistry":"ARTIFACT_REGISTRY","serviceAccount":"projects/hello-push-messages/serviceAccounts/77396444992-compute@developer.gserviceaccount.com","automaticUpdatePolicy":{}},"serviceConfig":{"service":"projects/hello-push-messages/locations/asia-northeast1/services/pushworker","timeoutSeconds":540,"environmentVariables":{"FIREBASE_CONFIG":"{\"projectId\":\"hello-push-messages\",\"storageBucket\":\"hello-push-messages.firebasestorage.app\"}","GCLOUD_PROJECT":"hello-push-messages","EVENTARC_CLOUD_EVENT_SOURCE":"projects/hello-push-messages/locations/asia-northeast1/services/pushWorker","FUNCTION_TARGET":"pushWorker","LOG_EXECUTION_ID":"true"},"maxInstanceCount":20,"ingressSettings":"ALLOW_ALL","uri":"https://pushworker-bsejo33fwq-an.a.run.app","serviceAccountEmail":"77396444992-compute@developer.gserviceaccount.com","availableMemory":"1024Mi","allTrafficOnLatestRevision":true,"revision":"pushworker-00005-qas","maxInstanceRequestConcurrency":80,"availableCpu":"1"},"state":"ACTIVE","updateTime":"2026-01-10T17:38:01.702225851Z","labels":{"deployment-scheduled":"true","firebase-functions-codebase":"pushmessage","firebase-functions-hash":"1eb6ad9dc1a8ee30dc1ec053e9b24cc40307e047","deployment-tool":"cli-firebase"},"environment":"GEN_2","url":"https://asia-northeast1-hello-push-messages.cloudfunctions.net/pushWorker","createTime":"2026-01-09T15:52:23.246287547Z","satisfiesPzi":true},{"name":"projects/hello-push-messages/locations/asia-northeast1/functions/pushMessage","buildConfig":{"build":"projects/77396444992/locations/asia-northeast1/builds/6c033cac-cc14-4594-be2f-17837e076ca0","runtime":"nodejs22","entryPoint":"pushMessage","source":{"storageSource":{"bucket":"gcf-v2-sources-77396444992-asia-northeast1","object":"pushMessage/function-source.zip","generation":"1768066723076852"}},"environmentVariables":{"GOOGLE_NODE_RUN_SCRIPTS":""},"dockerRepository":"projects/hello-push-messages/locations/asia-northeast1/repositories/gcf-artifacts","sourceProvenance":{"resolvedStorageSource":{"bucket":"gcf-v2-sources-77396444992-asia-northeast1","object":"pushMessage/function-source.zip","generation":"1768066723076852"}},"dockerRegistry":"ARTIFACT_REGISTRY","serviceAccount":"projects/hello-push-messages/serviceAccounts/77396444992-compute@developer.gserviceaccount.com","automaticUpdatePolicy":{}},"serviceConfig":{"service":"projects/hello-push-messages/locations/asia-northeast1/services/pushmessage","timeoutSeconds":60,"environmentVariables":{"FIREBASE_CONFIG":"{\"projectId\":\"hello-push-messages\",\"storageBucket\":\"hello-push-messages.firebasestorage.app\"}","GCLOUD_PROJECT":"hello-push-messages","EVENTARC_CLOUD_EVENT_SOURCE":"projects/hello-push-messages/locations/asia-northeast1/services/pushMessage","FUNCTION_TARGET":"pushMessage","LOG_EXECUTION_ID":"true"},"maxInstanceCount":20,"ingressSettings":"ALLOW_ALL","uri":"https://pushmessage-bsejo33fwq-an.a.run.app","serviceAccountEmail":"77396444992-compute@developer.gserviceaccount.com","availableMemory":"256Mi","allTrafficOnLatestRevision":true,"revision":"pushmessage-00002-cic","maxInstanceRequestConcurrency":80,"availableCpu":"1"},"state":"ACTIVE","updateTime":"2026-01-10T17:39:35.396376718Z","labels":{"firebase-functions-hash":"1eb6ad9dc1a8ee30dc1ec053e9b24cc40307e047","deployment-tool":"cli-firebase","firebase-functions-codebase":"pushmessage"},"environment":"GEN_2","url":"https://asia-northeast1-hello-push-messages.cloudfunctions.net/pushMessage","createTime":"2026-01-10T17:34:05.444952778Z","satisfiesPzi":true}]}
[info] i  functions: ensuring required API cloudscheduler.googleapis.com is enabled... 
[info] i  functions: ensuring required API run.googleapis.com is enabled... 
[info] i  functions: ensuring required API eventarc.googleapis.com is enabled... 
[info] i  functions: ensuring required API pubsub.googleapis.com is enabled... 
[info] i  functions: ensuring required API storage.googleapis.com is enabled... 
[info] i  functions: generating the service identity for pubsub.googleapis.com... 
[debug] [2026-01-10T17:40:34.230Z] Checked if tokens are valid: true, expires at: 1768069854338
[debug] [2026-01-10T17:40:34.230Z] Checked if tokens are valid: true, expires at: 1768069854338
[info] i  functions: generating the service identity for eventarc.googleapis.com... 
[debug] [2026-01-10T17:40:34.230Z] Checked if tokens are valid: true, expires at: 1768069854338
[debug] [2026-01-10T17:40:34.230Z] Checked if tokens are valid: true, expires at: 1768069854338
[debug] [2026-01-10T17:40:34.231Z] >>> [apiv2][query] POST https://serviceusage.googleapis.com/v1beta1/projects/77396444992/services/pubsub.googleapis.com:generateServiceIdentity [none]
[debug] [2026-01-10T17:40:34.231Z] >>> [apiv2][(partial)header] POST https://serviceusage.googleapis.com/v1beta1/projects/77396444992/services/pubsub.googleapis.com:generateServiceIdentity x-goog-quota-user=projects/77396444992
[debug] [2026-01-10T17:40:34.231Z] >>> [apiv2][body] POST https://serviceusage.googleapis.com/v1beta1/projects/77396444992/services/pubsub.googleapis.com:generateServiceIdentity {}
[debug] [2026-01-10T17:40:34.233Z] >>> [apiv2][query] POST https://serviceusage.googleapis.com/v1beta1/projects/77396444992/services/eventarc.googleapis.com:generateServiceIdentity [none]
[debug] [2026-01-10T17:40:34.233Z] >>> [apiv2][(partial)header] POST https://serviceusage.googleapis.com/v1beta1/projects/77396444992/services/eventarc.googleapis.com:generateServiceIdentity x-goog-quota-user=projects/77396444992
[debug] [2026-01-10T17:40:34.233Z] >>> [apiv2][body] POST https://serviceusage.googleapis.com/v1beta1/projects/77396444992/services/eventarc.googleapis.com:generateServiceIdentity {}
[debug] [2026-01-10T17:40:35.226Z] <<< [apiv2][status] POST https://serviceusage.googleapis.com/v1beta1/projects/77396444992/services/eventarc.googleapis.com:generateServiceIdentity 200
[debug] [2026-01-10T17:40:35.227Z] <<< [apiv2][body] POST https://serviceusage.googleapis.com/v1beta1/projects/77396444992/services/eventarc.googleapis.com:generateServiceIdentity {"name":"operations/finished.DONE_OPERATION","done":true,"response":{"@type":"type.googleapis.com/google.api.serviceusage.v1beta1.ServiceIdentity","email":"service-77396444992@gcp-sa-eventarc.iam.gserviceaccount.com","uniqueId":"105069208669934219171"}}
[debug] [2026-01-10T17:40:35.286Z] <<< [apiv2][status] POST https://serviceusage.googleapis.com/v1beta1/projects/77396444992/services/pubsub.googleapis.com:generateServiceIdentity 200
[debug] [2026-01-10T17:40:35.287Z] <<< [apiv2][body] POST https://serviceusage.googleapis.com/v1beta1/projects/77396444992/services/pubsub.googleapis.com:generateServiceIdentity {"name":"operations/finished.DONE_OPERATION","done":true,"response":{"@type":"type.googleapis.com/google.api.serviceusage.v1beta1.ServiceIdentity","email":"service-77396444992@gcp-sa-pubsub.iam.gserviceaccount.com","uniqueId":"102147429683561129668"}}
[debug] [2026-01-10T17:40:35.291Z] Checked if tokens are valid: true, expires at: 1768069854338
[debug] [2026-01-10T17:40:35.292Z] Checked if tokens are valid: true, expires at: 1768069854338
[debug] [2026-01-10T17:40:35.292Z] >>> [apiv2][query] GET https://cloudresourcemanager.googleapis.com/v1/projects/hello-push-messages [none]
[debug] [2026-01-10T17:40:35.475Z] <<< [apiv2][status] GET https://cloudresourcemanager.googleapis.com/v1/projects/hello-push-messages 200
[debug] [2026-01-10T17:40:35.475Z] <<< [apiv2][body] GET https://cloudresourcemanager.googleapis.com/v1/projects/hello-push-messages {"projectNumber":"77396444992","projectId":"hello-push-messages","lifecycleState":"ACTIVE","name":"hello-push-messages","labels":{"firebase":"enabled","firebase-core":"disabled"},"createTime":"2026-01-07T09:24:04.126590Z"}
[debug] [2026-01-10T17:40:35.476Z] Checked if tokens are valid: true, expires at: 1768069854338
[debug] [2026-01-10T17:40:35.476Z] Checked if tokens are valid: true, expires at: 1768069854338
[debug] [2026-01-10T17:40:35.476Z] >>> [apiv2][query] GET https://compute.googleapis.com/compute/v1/projects/77396444992 [none]
[debug] [2026-01-10T17:40:35.826Z] <<< [apiv2][status] GET https://compute.googleapis.com/compute/v1/projects/77396444992 403
[debug] [2026-01-10T17:40:35.827Z] <<< [apiv2][body] GET https://compute.googleapis.com/compute/v1/projects/77396444992 {"error":{"code":403,"message":"Compute Engine API has not been used in project 77396444992 before or it is disabled. Enable it by visiting https://console.developers.google.com/apis/api/compute.googleapis.com/overview?project=77396444992 then retry. If you enabled this API recently, wait a few minutes for the action to propagate to our systems and retry.","errors":[{"message":"Compute Engine API has not been used in project 77396444992 before or it is disabled. Enable it by visiting https://console.developers.google.com/apis/api/compute.googleapis.com/overview?project=77396444992 then retry. If you enabled this API recently, wait a few minutes for the action to propagate to our systems and retry.","domain":"usageLimits","reason":"accessNotConfigured","extendedHelp":"https://console.developers.google.com"}],"status":"PERMISSION_DENIED","details":[{"@type":"type.googleapis.com/google.rpc.ErrorInfo","reason":"SERVICE_DISABLED","domain":"googleapis.com","metadata":{"serviceTitle":"Compute Engine API","service":"compute.googleapis.com","consumer":"projects/77396444992","containerInfo":"77396444992","activationUrl":"https://console.developers.google.com/apis/api/compute.googleapis.com/overview?project=77396444992"}},{"@type":"type.googleapis.com/google.rpc.LocalizedMessage","locale":"en-US","message":"Compute Engine API has not been used in project 77396444992 before or it is disabled. Enable it by visiting https://console.developers.google.com/apis/api/compute.googleapis.com/overview?project=77396444992 then retry. If you enabled this API recently, wait a few minutes for the action to propagate to our systems and retry."},{"@type":"type.googleapis.com/google.rpc.Help","links":[{"description":"Google developers console API activation","url":"https://console.developers.google.com/apis/api/compute.googleapis.com/overview?project=77396444992"}]}]}}
[debug] [2026-01-10T17:40:35.829Z] unable to look up default compute service account. Falling back to 77396444992-compute@developer.gserviceaccount.com. Error: {"name":"FirebaseError","children":[],"context":{"body":{"error":{"code":403,"message":"Compute Engine API has not been used in project 77396444992 before or it is disabled. Enable it by visiting https://console.developers.google.com/apis/api/compute.googleapis.com/overview?project=77396444992 then retry. If you enabled this API recently, wait a few minutes for the action to propagate to our systems and retry.","errors":[{"message":"Compute Engine API has not been used in project 77396444992 before or it is disabled. Enable it by visiting https://console.developers.google.com/apis/api/compute.googleapis.com/overview?project=77396444992 then retry. If you enabled this API recently, wait a few minutes for the action to propagate to our systems and retry.","domain":"usageLimits","reason":"accessNotConfigured","extendedHelp":"https://console.developers.google.com"}],"status":"PERMISSION_DENIED","details":[{"@type":"type.googleapis.com/google.rpc.ErrorInfo","reason":"SERVICE_DISABLED","domain":"googleapis.com","metadata":{"serviceTitle":"Compute Engine API","service":"compute.googleapis.com","consumer":"projects/77396444992","containerInfo":"77396444992","activationUrl":"https://console.developers.google.com/apis/api/compute.googleapis.com/overview?project=77396444992"}},{"@type":"type.googleapis.com/google.rpc.LocalizedMessage","locale":"en-US","message":"Compute Engine API has not been used in project 77396444992 before or it is disabled. Enable it by visiting https://console.developers.google.com/apis/api/compute.googleapis.com/overview?project=77396444992 then retry. If you enabled this API recently, wait a few minutes for the action to propagate to our systems and retry."},{"@type":"type.googleapis.com/google.rpc.Help","links":[{"description":"Google developers console API activation","url":"https://console.developers.google.com/apis/api/compute.googleapis.com/overview?project=77396444992"}]}]}},"response":{"statusCode":403}},"exit":1,"message":"Request to https://compute.googleapis.com/compute/v1/projects/77396444992 had HTTP Error: 403, Compute Engine API has not been used in project 77396444992 before or it is disabled. Enable it by visiting https://console.developers.google.com/apis/api/compute.googleapis.com/overview?project=77396444992 then retry. If you enabled this API recently, wait a few minutes for the action to propagate to our systems and retry.","status":403}
[debug] [2026-01-10T17:40:35.832Z] Checked if tokens are valid: true, expires at: 1768069854338
[debug] [2026-01-10T17:40:35.833Z] Checked if tokens are valid: true, expires at: 1768069854338
[debug] [2026-01-10T17:40:35.833Z] >>> [apiv2][query] GET https://cloudbilling.googleapis.com/v1/projects/hello-push-messages/billingInfo [none]
[debug] [2026-01-10T17:40:36.193Z] <<< [apiv2][status] GET https://cloudbilling.googleapis.com/v1/projects/hello-push-messages/billingInfo 200
[debug] [2026-01-10T17:40:36.194Z] <<< [apiv2][body] GET https://cloudbilling.googleapis.com/v1/projects/hello-push-messages/billingInfo {"name":"projects/hello-push-messages/billingInfo","projectId":"hello-push-messages","billingAccountName":"billingAccounts/0103D9-D5D20B-49270B","billingEnabled":true}
[debug] [2026-01-10T17:40:36.195Z] Checked if tokens are valid: true, expires at: 1768069854338
[debug] [2026-01-10T17:40:36.195Z] Checked if tokens are valid: true, expires at: 1768069854338
[debug] [2026-01-10T17:40:36.195Z] >>> [apiv2][query] POST https://cloudfunctions.googleapis.com/v2/projects/hello-push-messages/locations/asia-northeast1/functions:generateUploadUrl [none]
[debug] [2026-01-10T17:40:36.607Z] <<< [apiv2][status] POST https://cloudfunctions.googleapis.com/v2/projects/hello-push-messages/locations/asia-northeast1/functions:generateUploadUrl 200
[debug] [2026-01-10T17:40:36.608Z] <<< [apiv2][body] POST https://cloudfunctions.googleapis.com/v2/projects/hello-push-messages/locations/asia-northeast1/functions:generateUploadUrl {"uploadUrl":"https://storage.googleapis.com/gcf-v2-uploads-77396444992.asia-northeast1.cloudfunctions.appspot.com/5ddddcd3-1764-402d-b4ee-9c77912aeedb.zip?GoogleAccessId=service-77396444992@gcf-admin-robot.iam.gserviceaccount.com&Expires=1768068636&Signature=fE1WkWTzsFqg%2FuAWsSd0A%2BLEV5gyBCLYUqAAAqTsjBwwEoh9hpI0%2Fp0T5BP%2FAu%2BmK%2FBF352LjJ70La6Wp6rklHxA%2B%2B8RK5SWSrJBSQaOQo8b9ZxmGAM%2BQRCl61vJ1sFeLIL7fYddUEGsPAfHxTS6MjVQgB3fef7vAexwCckYOa71NotJ6kCtLivDpLS7%2BILHzkFQPCYFdYfQer9YBaxryi8XWtIxeemIn%2Fgza11qlVXzvIvHX9GWWdWTUzX%2B99KjdfCYYbOfhqueFq7xDb%2Fcvdll8N4H9clgMFAkSFACJmn5%2BtVc10ybDwPQGAAnKW8qU%2B75Fazv7I4pXBKhaA8J8Q%3D%3D","storageSource":{"bucket":"gcf-v2-uploads-77396444992.asia-northeast1.cloudfunctions.appspot.com","object":"5ddddcd3-1764-402d-b4ee-9c77912aeedb.zip"}}
[debug] [2026-01-10T17:40:36.614Z] >>> [apiv2][query] PUT https://storage.googleapis.com/gcf-v2-uploads-77396444992.asia-northeast1.cloudfunctions.appspot.com/5ddddcd3-1764-402d-b4ee-9c77912aeedb.zip GoogleAccessId=service-77396444992%40gcf-admin-robot.iam.gserviceaccount.com&Expires=1768068636&Signature=fE1WkWTzsFqg%2FuAWsSd0A%2BLEV5gyBCLYUqAAAqTsjBwwEoh9hpI0%2Fp0T5BP%2FAu%2BmK%2FBF352LjJ70La6Wp6rklHxA%2B%2B8RK5SWSrJBSQaOQo8b9ZxmGAM%2BQRCl61vJ1sFeLIL7fYddUEGsPAfHxTS6MjVQgB3fef7vAexwCckYOa71NotJ6kCtLivDpLS7%2BILHzkFQPCYFdYfQer9YBaxryi8XWtIxeemIn%2Fgza11qlVXzvIvHX9GWWdWTUzX%2B99KjdfCYYbOfhqueFq7xDb%2Fcvdll8N4H9clgMFAkSFACJmn5%2BtVc10ybDwPQGAAnKW8qU%2B75Fazv7I4pXBKhaA8J8Q%3D%3D
[debug] [2026-01-10T17:40:36.614Z] >>> [apiv2][body] PUT https://storage.googleapis.com/gcf-v2-uploads-77396444992.asia-northeast1.cloudfunctions.appspot.com/5ddddcd3-1764-402d-b4ee-9c77912aeedb.zip [stream]
[debug] [2026-01-10T17:40:36.851Z] <<< [apiv2][status] PUT https://storage.googleapis.com/gcf-v2-uploads-77396444992.asia-northeast1.cloudfunctions.appspot.com/5ddddcd3-1764-402d-b4ee-9c77912aeedb.zip 200
[debug] [2026-01-10T17:40:36.851Z] <<< [apiv2][body] PUT https://storage.googleapis.com/gcf-v2-uploads-77396444992.asia-northeast1.cloudfunctions.appspot.com/5ddddcd3-1764-402d-b4ee-9c77912aeedb.zip [omitted]
[info] ✔  functions: functions source uploaded successfully 
[info] i  functions: updating Node.js 22 (2nd Gen) function pushmessage:pushMessage(asia-northeast1)... 
[debug] [2026-01-10T17:40:36.861Z] Checked if tokens are valid: true, expires at: 1768069854338
[debug] [2026-01-10T17:40:36.861Z] Checked if tokens are valid: true, expires at: 1768069854338
[debug] [2026-01-10T17:40:36.861Z] >>> [apiv2][query] PATCH https://cloudfunctions.googleapis.com/v2/projects/hello-push-messages/locations/asia-northeast1/functions/pushMessage updateMask=name%2CbuildConfig.runtime%2CbuildConfig.entryPoint%2CbuildConfig.source.storageSource.bucket%2CbuildConfig.source.storageSource.object%2CbuildConfig.environmentVariables%2CbuildConfig.sourceToken%2CserviceConfig.environmentVariables%2CserviceConfig.ingressSettings%2CserviceConfig.timeoutSeconds%2CserviceConfig.serviceAccountEmail%2CserviceConfig.availableMemory%2CserviceConfig.minInstanceCount%2CserviceConfig.maxInstanceCount%2CserviceConfig.maxInstanceRequestConcurrency%2CserviceConfig.availableCpu%2CserviceConfig.vpcConnector%2CserviceConfig.vpcConnectorEgressSettings%2Clabels
[debug] [2026-01-10T17:40:36.862Z] >>> [apiv2][body] PATCH https://cloudfunctions.googleapis.com/v2/projects/hello-push-messages/locations/asia-northeast1/functions/pushMessage {"name":"projects/hello-push-messages/locations/asia-northeast1/functions/pushMessage","buildConfig":{"runtime":"nodejs22","entryPoint":"pushMessage","source":{"storageSource":{"bucket":"gcf-v2-uploads-77396444992.asia-northeast1.cloudfunctions.appspot.com","object":"5ddddcd3-1764-402d-b4ee-9c77912aeedb.zip"}},"environmentVariables":{"GOOGLE_NODE_RUN_SCRIPTS":""}},"serviceConfig":{"environmentVariables":{"FIREBASE_CONFIG":"{\"projectId\":\"hello-push-messages\",\"storageBucket\":\"hello-push-messages.firebasestorage.app\"}","GCLOUD_PROJECT":"hello-push-messages","EVENTARC_CLOUD_EVENT_SOURCE":"projects/hello-push-messages/locations/asia-northeast1/services/pushMessage","FUNCTION_TARGET":"pushMessage","LOG_EXECUTION_ID":"true"},"ingressSettings":null,"timeoutSeconds":null,"serviceAccountEmail":null,"availableMemory":"256Mi","minInstanceCount":null,"maxInstanceCount":null,"maxInstanceRequestConcurrency":80,"availableCpu":"1","vpcConnector":null,"vpcConnectorEgressSettings":null},"labels":{"deployment-tool":"cli-firebase","firebase-functions-codebase":"pushmessage","firebase-functions-hash":"1eb6ad9dc1a8ee30dc1ec053e9b24cc40307e047"}}
[debug] [2026-01-10T17:40:38.161Z] <<< [apiv2][status] PATCH https://cloudfunctions.googleapis.com/v2/projects/hello-push-messages/locations/asia-northeast1/functions/pushMessage 200
[debug] [2026-01-10T17:40:38.162Z] <<< [apiv2][body] PATCH https://cloudfunctions.googleapis.com/v2/projects/hello-push-messages/locations/asia-northeast1/functions/pushMessage {"name":"projects/hello-push-messages/locations/asia-northeast1/operations/operation-1768066837171-6480c23c4cc52-6dcd0db3-1fdedf3f","metadata":{"@type":"type.googleapis.com/google.cloud.functions.v2.OperationMetadata","createTime":"2026-01-10T17:40:38.156248125Z","target":"projects/hello-push-messages/locations/asia-northeast1/functions/pushMessage","verb":"update","cancelRequested":false,"apiVersion":"v2"},"done":false}
[debug] [2026-01-10T17:40:38.163Z] Checked if tokens are valid: true, expires at: 1768069854338
[debug] [2026-01-10T17:40:38.163Z] Checked if tokens are valid: true, expires at: 1768069854338
[debug] [2026-01-10T17:40:38.164Z] >>> [apiv2][query] GET https://cloudfunctions.googleapis.com/v2/projects/hello-push-messages/locations/asia-northeast1/operations/operation-1768066837171-6480c23c4cc52-6dcd0db3-1fdedf3f [none]
[debug] [2026-01-10T17:40:38.496Z] <<< [apiv2][status] GET https://cloudfunctions.googleapis.com/v2/projects/hello-push-messages/locations/asia-northeast1/operations/operation-1768066837171-6480c23c4cc52-6dcd0db3-1fdedf3f 200
[debug] [2026-01-10T17:40:38.496Z] <<< [apiv2][body] GET https://cloudfunctions.googleapis.com/v2/projects/hello-push-messages/locations/asia-northeast1/operations/operation-1768066837171-6480c23c4cc52-6dcd0db3-1fdedf3f {"name":"projects/hello-push-messages/locations/asia-northeast1/operations/operation-1768066837171-6480c23c4cc52-6dcd0db3-1fdedf3f","metadata":{"@type":"type.googleapis.com/google.cloud.functions.v2.OperationMetadata","createTime":"2026-01-10T17:40:38.156248125Z","target":"projects/hello-push-messages/locations/asia-northeast1/functions/pushMessage","verb":"update","cancelRequested":false,"apiVersion":"v2","requestResource":{"@type":"type.googleapis.com/google.cloud.functions.v2.Function","name":"projects/hello-push-messages/locations/asia-northeast1/functions/pushMessage","buildConfig":{"runtime":"nodejs22","entryPoint":"pushMessage","source":{"storageSource":{"bucket":"gcf-v2-sources-77396444992-asia-northeast1","object":"pushMessage/function-source.zip","generation":"1768066838112020"}},"environmentVariables":{"GOOGLE_NODE_RUN_SCRIPTS":""},"dockerRepository":"projects/hello-push-messages/locations/asia-northeast1/repositories/gcf-artifacts","sourceProvenance":{"resolvedStorageSource":{"bucket":"gcf-v2-sources-77396444992-asia-northeast1","object":"pushMessage/function-source.zip","generation":"1768066723076852"}},"dockerRegistry":"ARTIFACT_REGISTRY","serviceAccount":"projects/hello-push-messages/serviceAccounts/77396444992-compute@developer.gserviceaccount.com","automaticUpdatePolicy":{}},"serviceConfig":{"service":"projects/hello-push-messages/locations/asia-northeast1/services/pushmessage","timeoutSeconds":60,"environmentVariables":{"FIREBASE_CONFIG":"{\"projectId\":\"hello-push-messages\",\"storageBucket\":\"hello-push-messages.firebasestorage.app\"}","GCLOUD_PROJECT":"hello-push-messages","EVENTARC_CLOUD_EVENT_SOURCE":"projects/hello-push-messages/locations/asia-northeast1/services/pushMessage","FUNCTION_TARGET":"pushMessage","LOG_EXECUTION_ID":"true"},"ingressSettings":"ALLOW_ALL","uri":"https://pushmessage-bsejo33fwq-an.a.run.app","serviceAccountEmail":"77396444992-compute@developer.gserviceaccount.com","availableMemory":"256Mi","allTrafficOnLatestRevision":true,"revision":"pushmessage-00002-cic","maxInstanceRequestConcurrency":80,"availableCpu":"1"},"state":"ACTIVE","labels":{"deployment-tool":"cli-firebase","firebase-functions-codebase":"pushmessage","firebase-functions-hash":"1eb6ad9dc1a8ee30dc1ec053e9b24cc40307e047"},"environment":"GEN_2","url":"https://asia-northeast1-hello-push-messages.cloudfunctions.net/pushMessage","satisfiesPzi":true},"stages":[{"name":"BUILD","state":"NOT_STARTED"},{"name":"SERVICE","state":"NOT_STARTED"}],"operationType":"UPDATE_FUNCTION"},"done":false}
[debug] [2026-01-10T17:40:39.000Z] [update-pushmessage-asia-northeast1-pushMessage] Retrying task index 0
[debug] [2026-01-10T17:40:39.002Z] Checked if tokens are valid: true, expires at: 1768069854338
[debug] [2026-01-10T17:40:39.002Z] Checked if tokens are valid: true, expires at: 1768069854338
[debug] [2026-01-10T17:40:39.002Z] >>> [apiv2][query] GET https://cloudfunctions.googleapis.com/v2/projects/hello-push-messages/locations/asia-northeast1/operations/operation-1768066837171-6480c23c4cc52-6dcd0db3-1fdedf3f [none]
[debug] [2026-01-10T17:40:39.166Z] <<< [apiv2][status] GET https://cloudfunctions.googleapis.com/v2/projects/hello-push-messages/locations/asia-northeast1/operations/operation-1768066837171-6480c23c4cc52-6dcd0db3-1fdedf3f 200
[debug] [2026-01-10T17:40:39.166Z] <<< [apiv2][body] GET https://cloudfunctions.googleapis.com/v2/projects/hello-push-messages/locations/asia-northeast1/operations/operation-1768066837171-6480c23c4cc52-6dcd0db3-1fdedf3f {"name":"projects/hello-push-messages/locations/asia-northeast1/operations/operation-1768066837171-6480c23c4cc52-6dcd0db3-1fdedf3f","metadata":{"@type":"type.googleapis.com/google.cloud.functions.v2.OperationMetadata","createTime":"2026-01-10T17:40:38.156248125Z","target":"projects/hello-push-messages/locations/asia-northeast1/functions/pushMessage","verb":"update","cancelRequested":false,"apiVersion":"v2","requestResource":{"@type":"type.googleapis.com/google.cloud.functions.v2.Function","name":"projects/hello-push-messages/locations/asia-northeast1/functions/pushMessage","buildConfig":{"runtime":"nodejs22","entryPoint":"pushMessage","source":{"storageSource":{"bucket":"gcf-v2-sources-77396444992-asia-northeast1","object":"pushMessage/function-source.zip","generation":"1768066838112020"}},"environmentVariables":{"GOOGLE_NODE_RUN_SCRIPTS":""},"dockerRepository":"projects/hello-push-messages/locations/asia-northeast1/repositories/gcf-artifacts","sourceProvenance":{"resolvedStorageSource":{"bucket":"gcf-v2-sources-77396444992-asia-northeast1","object":"pushMessage/function-source.zip","generation":"1768066723076852"}},"dockerRegistry":"ARTIFACT_REGISTRY","serviceAccount":"projects/hello-push-messages/serviceAccounts/77396444992-compute@developer.gserviceaccount.com","automaticUpdatePolicy":{}},"serviceConfig":{"service":"projects/hello-push-messages/locations/asia-northeast1/services/pushmessage","timeoutSeconds":60,"environmentVariables":{"FIREBASE_CONFIG":"{\"projectId\":\"hello-push-messages\",\"storageBucket\":\"hello-push-messages.firebasestorage.app\"}","GCLOUD_PROJECT":"hello-push-messages","EVENTARC_CLOUD_EVENT_SOURCE":"projects/hello-push-messages/locations/asia-northeast1/services/pushMessage","FUNCTION_TARGET":"pushMessage","LOG_EXECUTION_ID":"true"},"ingressSettings":"ALLOW_ALL","uri":"https://pushmessage-bsejo33fwq-an.a.run.app","serviceAccountEmail":"77396444992-compute@developer.gserviceaccount.com","availableMemory":"256Mi","allTrafficOnLatestRevision":true,"revision":"pushmessage-00002-cic","maxInstanceRequestConcurrency":80,"availableCpu":"1"},"state":"ACTIVE","labels":{"deployment-tool":"cli-firebase","firebase-functions-codebase":"pushmessage","firebase-functions-hash":"1eb6ad9dc1a8ee30dc1ec053e9b24cc40307e047"},"environment":"GEN_2","url":"https://asia-northeast1-hello-push-messages.cloudfunctions.net/pushMessage","satisfiesPzi":true},"stages":[{"name":"BUILD","state":"NOT_STARTED"},{"name":"SERVICE","state":"NOT_STARTED"}],"operationType":"UPDATE_FUNCTION"},"done":false}
[debug] [2026-01-10T17:40:40.168Z] [update-pushmessage-asia-northeast1-pushMessage] Retrying task index 0
[debug] [2026-01-10T17:40:40.169Z] Checked if tokens are valid: true, expires at: 1768069854338
[debug] [2026-01-10T17:40:40.169Z] Checked if tokens are valid: true, expires at: 1768069854338
[debug] [2026-01-10T17:40:40.169Z] >>> [apiv2][query] GET https://cloudfunctions.googleapis.com/v2/projects/hello-push-messages/locations/asia-northeast1/operations/operation-1768066837171-6480c23c4cc52-6dcd0db3-1fdedf3f [none]
[debug] [2026-01-10T17:40:40.492Z] <<< [apiv2][status] GET https://cloudfunctions.googleapis.com/v2/projects/hello-push-messages/locations/asia-northeast1/operations/operation-1768066837171-6480c23c4cc52-6dcd0db3-1fdedf3f 200
[debug] [2026-01-10T17:40:40.493Z] <<< [apiv2][body] GET https://cloudfunctions.googleapis.com/v2/projects/hello-push-messages/locations/asia-northeast1/operations/operation-1768066837171-6480c23c4cc52-6dcd0db3-1fdedf3f {"name":"projects/hello-push-messages/locations/asia-northeast1/operations/operation-1768066837171-6480c23c4cc52-6dcd0db3-1fdedf3f","metadata":{"@type":"type.googleapis.com/google.cloud.functions.v2.OperationMetadata","createTime":"2026-01-10T17:40:38.156248125Z","target":"projects/hello-push-messages/locations/asia-northeast1/functions/pushMessage","verb":"update","cancelRequested":false,"apiVersion":"v2","requestResource":{"@type":"type.googleapis.com/google.cloud.functions.v2.Function","name":"projects/hello-push-messages/locations/asia-northeast1/functions/pushMessage","buildConfig":{"runtime":"nodejs22","entryPoint":"pushMessage","source":{"storageSource":{"bucket":"gcf-v2-sources-77396444992-asia-northeast1","object":"pushMessage/function-source.zip","generation":"1768066838112020"}},"environmentVariables":{"GOOGLE_NODE_RUN_SCRIPTS":""},"dockerRepository":"projects/hello-push-messages/locations/asia-northeast1/repositories/gcf-artifacts","sourceProvenance":{"resolvedStorageSource":{"bucket":"gcf-v2-sources-77396444992-asia-northeast1","object":"pushMessage/function-source.zip","generation":"1768066723076852"}},"dockerRegistry":"ARTIFACT_REGISTRY","serviceAccount":"projects/hello-push-messages/serviceAccounts/77396444992-compute@developer.gserviceaccount.com","automaticUpdatePolicy":{}},"serviceConfig":{"service":"projects/hello-push-messages/locations/asia-northeast1/services/pushmessage","timeoutSeconds":60,"environmentVariables":{"FIREBASE_CONFIG":"{\"projectId\":\"hello-push-messages\",\"storageBucket\":\"hello-push-messages.firebasestorage.app\"}","GCLOUD_PROJECT":"hello-push-messages","EVENTARC_CLOUD_EVENT_SOURCE":"projects/hello-push-messages/locations/asia-northeast1/services/pushMessage","FUNCTION_TARGET":"pushMessage","LOG_EXECUTION_ID":"true"},"ingressSettings":"ALLOW_ALL","uri":"https://pushmessage-bsejo33fwq-an.a.run.app","serviceAccountEmail":"77396444992-compute@developer.gserviceaccount.com","availableMemory":"256Mi","allTrafficOnLatestRevision":true,"revision":"pushmessage-00002-cic","maxInstanceRequestConcurrency":80,"availableCpu":"1"},"state":"ACTIVE","labels":{"deployment-tool":"cli-firebase","firebase-functions-codebase":"pushmessage","firebase-functions-hash":"1eb6ad9dc1a8ee30dc1ec053e9b24cc40307e047"},"environment":"GEN_2","url":"https://asia-northeast1-hello-push-messages.cloudfunctions.net/pushMessage","satisfiesPzi":true},"stages":[{"name":"BUILD","message":"Build in progress","state":"IN_PROGRESS","resource":"projects/77396444992/locations/asia-northeast1/builds/618e7b54-cc1c-480e-8082-f053fc3bbb6d","resourceUri":"https://console.cloud.google.com/cloud-build/builds;region=asia-northeast1/618e7b54-cc1c-480e-8082-f053fc3bbb6d?project=77396444992"},{"name":"SERVICE","state":"NOT_STARTED"}],"operationType":"UPDATE_FUNCTION","buildName":"projects/77396444992/locations/asia-northeast1/builds/618e7b54-cc1c-480e-8082-f053fc3bbb6d"},"done":false}
[debug] [2026-01-10T17:40:42.494Z] [update-pushmessage-asia-northeast1-pushMessage] Retrying task index 0
[debug] [2026-01-10T17:40:42.494Z] Checked if tokens are valid: true, expires at: 1768069854338
[debug] [2026-01-10T17:40:42.494Z] Checked if tokens are valid: true, expires at: 1768069854338
[debug] [2026-01-10T17:40:42.494Z] >>> [apiv2][query] GET https://cloudfunctions.googleapis.com/v2/projects/hello-push-messages/locations/asia-northeast1/operations/operation-1768066837171-6480c23c4cc52-6dcd0db3-1fdedf3f [none]
[debug] [2026-01-10T17:40:42.789Z] <<< [apiv2][status] GET https://cloudfunctions.googleapis.com/v2/projects/hello-push-messages/locations/asia-northeast1/operations/operation-1768066837171-6480c23c4cc52-6dcd0db3-1fdedf3f 200
[debug] [2026-01-10T17:40:42.789Z] <<< [apiv2][body] GET https://cloudfunctions.googleapis.com/v2/projects/hello-push-messages/locations/asia-northeast1/operations/operation-1768066837171-6480c23c4cc52-6dcd0db3-1fdedf3f {"name":"projects/hello-push-messages/locations/asia-northeast1/operations/operation-1768066837171-6480c23c4cc52-6dcd0db3-1fdedf3f","metadata":{"@type":"type.googleapis.com/google.cloud.functions.v2.OperationMetadata","createTime":"2026-01-10T17:40:38.156248125Z","target":"projects/hello-push-messages/locations/asia-northeast1/functions/pushMessage","verb":"update","cancelRequested":false,"apiVersion":"v2","requestResource":{"@type":"type.googleapis.com/google.cloud.functions.v2.Function","name":"projects/hello-push-messages/locations/asia-northeast1/functions/pushMessage","buildConfig":{"runtime":"nodejs22","entryPoint":"pushMessage","source":{"storageSource":{"bucket":"gcf-v2-sources-77396444992-asia-northeast1","object":"pushMessage/function-source.zip","generation":"1768066838112020"}},"environmentVariables":{"GOOGLE_NODE_RUN_SCRIPTS":""},"dockerRepository":"projects/hello-push-messages/locations/asia-northeast1/repositories/gcf-artifacts","sourceProvenance":{"resolvedStorageSource":{"bucket":"gcf-v2-sources-77396444992-asia-northeast1","object":"pushMessage/function-source.zip","generation":"1768066723076852"}},"dockerRegistry":"ARTIFACT_REGISTRY","serviceAccount":"projects/hello-push-messages/serviceAccounts/77396444992-compute@developer.gserviceaccount.com","automaticUpdatePolicy":{}},"serviceConfig":{"service":"projects/hello-push-messages/locations/asia-northeast1/services/pushmessage","timeoutSeconds":60,"environmentVariables":{"FIREBASE_CONFIG":"{\"projectId\":\"hello-push-messages\",\"storageBucket\":\"hello-push-messages.firebasestorage.app\"}","GCLOUD_PROJECT":"hello-push-messages","EVENTARC_CLOUD_EVENT_SOURCE":"projects/hello-push-messages/locations/asia-northeast1/services/pushMessage","FUNCTION_TARGET":"pushMessage","LOG_EXECUTION_ID":"true"},"ingressSettings":"ALLOW_ALL","uri":"https://pushmessage-bsejo33fwq-an.a.run.app","serviceAccountEmail":"77396444992-compute@developer.gserviceaccount.com","availableMemory":"256Mi","allTrafficOnLatestRevision":true,"revision":"pushmessage-00002-cic","maxInstanceRequestConcurrency":80,"availableCpu":"1"},"state":"ACTIVE","labels":{"deployment-tool":"cli-firebase","firebase-functions-codebase":"pushmessage","firebase-functions-hash":"1eb6ad9dc1a8ee30dc1ec053e9b24cc40307e047"},"environment":"GEN_2","url":"https://asia-northeast1-hello-push-messages.cloudfunctions.net/pushMessage","satisfiesPzi":true},"stages":[{"name":"BUILD","message":"Build in progress","state":"IN_PROGRESS","resource":"projects/77396444992/locations/asia-northeast1/builds/618e7b54-cc1c-480e-8082-f053fc3bbb6d","resourceUri":"https://console.cloud.google.com/cloud-build/builds;region=asia-northeast1/618e7b54-cc1c-480e-8082-f053fc3bbb6d?project=77396444992"},{"name":"SERVICE","state":"NOT_STARTED"}],"operationType":"UPDATE_FUNCTION","buildName":"projects/77396444992/locations/asia-northeast1/builds/618e7b54-cc1c-480e-8082-f053fc3bbb6d"},"done":false}
[debug] [2026-01-10T17:40:46.790Z] [update-pushmessage-asia-northeast1-pushMessage] Retrying task index 0
[debug] [2026-01-10T17:40:46.790Z] Checked if tokens are valid: true, expires at: 1768069854338
[debug] [2026-01-10T17:40:46.790Z] Checked if tokens are valid: true, expires at: 1768069854338
[debug] [2026-01-10T17:40:46.790Z] >>> [apiv2][query] GET https://cloudfunctions.googleapis.com/v2/projects/hello-push-messages/locations/asia-northeast1/operations/operation-1768066837171-6480c23c4cc52-6dcd0db3-1fdedf3f [none]
